<?xml version="1.0" encoding="UTF-8"?>
<!-- Generated by org.testng.reporters.JUnitXMLReporter -->
<testsuite ignored="0" hostname="DESKTOP-5BKKI8L" failures="0" tests="3" name="Default test" time="0.335" errors="0" timestamp="2024-04-02T05:40:40 PDT">
  <testcase classname="com.allianz.test.LoginUITest" name="titleTest" time="0.029"/>
  <testcase classname="com.allianz.test.LoginUITest" name="titleTest" time="0.011"/>
  <testcase classname="com.allianz.test.LoginUITest" name="discriptionTest" time="0.004"/>
</testsuite> <!-- Default test -->
