<?xml version="1.0" encoding="UTF-8"?>
<testng-results ignored="0" total="3" passed="3" failed="0" skipped="0">
  <reporter-output>
  </reporter-output>
  <suite started-at="2024-04-02T05:40:40 PDT" name="Default suite" finished-at="2024-04-02T05:40:40 PDT" duration-ms="335">
    <groups>
    </groups>
    <test started-at="2024-04-02T05:40:40 PDT" name="Default test" finished-at="2024-04-02T05:40:40 PDT" duration-ms="335">
      <class name="com.allianz.test.LoginUITest">
        <test-method signature="titleTest()[pri:1, instance:com.allianz.test.LoginUITest@3cebbb30]" started-at="2024-04-02T05:40:40 PDT" name="titleTest" finished-at="2024-04-02T05:40:40 PDT" duration-ms="29" status="PASS">
          <reporter-output>
          </reporter-output>
        </test-method> <!-- titleTest -->
        <test-method signature="titleTest()[pri:1, instance:com.allianz.test.LoginUITest@3cebbb30]" started-at="2024-04-02T05:40:40 PDT" name="titleTest" finished-at="2024-04-02T05:40:40 PDT" duration-ms="11" status="PASS">
          <reporter-output>
          </reporter-output>
        </test-method> <!-- titleTest -->
        <test-method signature="discriptionTest()[pri:2, instance:com.allianz.test.LoginUITest@3cebbb30]" started-at="2024-04-02T05:40:40 PDT" name="discriptionTest" finished-at="2024-04-02T05:40:40 PDT" duration-ms="4" status="PASS">
          <reporter-output>
          </reporter-output>
        </test-method> <!-- discriptionTest -->
      </class> <!-- com.allianz.test.LoginUITest -->
    </test> <!-- Default test -->
  </suite> <!-- Default suite -->
</testng-results>
